104.05.09 21:17 B c:\webroot\tic3-in-web\help\faq.html --> x-o-mat.argon.webspace24.de /html/tic3/help faq.html
104.05.09 21:17 B c:\webroot\tic3-in-web\help\profile.html --> x-o-mat.argon.webspace24.de /html/tic3/help profile.html
104.05.09 21:17 B c:\webroot\tic3-in-web\help\rankings.html --> x-o-mat.argon.webspace24.de /html/tic3/help rankings.html
104.05.09 21:17 B c:\webroot\tic3-in-web\help\kontakt.html --> x-o-mat.argon.webspace24.de /html/tic3/help kontakt.html
104.05.09 21:17 B c:\webroot\tic3-in-web\help\forumintern.html --> x-o-mat.argon.webspace24.de /html/tic3/help forumintern.html
104.05.09 21:17 B c:\webroot\tic3-in-web\help\forumalle.html --> x-o-mat.argon.webspace24.de /html/tic3/help forumalle.html
104.05.09 21:17 B c:\webroot\tic3-in-web\help\allianz.html --> x-o-mat.argon.webspace24.de /html/tic3/help allianz.html
104.05.09 21:17 B c:\webroot\tic3-in-web\help\menue.html --> x-o-mat.argon.webspace24.de /html/tic3/help menue.html
104.05.09 21:17 B c:\webroot\tic3-in-web\help\help.html --> x-o-mat.argon.webspace24.de /html/tic3/help help.html
104.05.09 21:17 B c:\webroot\tic3-in-web\help\taktikschirm.html --> x-o-mat.argon.webspace24.de /html/tic3/help taktikschirm.html
104.05.09 21:17 B c:\webroot\tic3-in-web\help\scans.html --> x-o-mat.argon.webspace24.de /html/tic3/help scans.html
104.05.09 21:17 B c:\webroot\tic3-in-web\help\scanner.html --> x-o-mat.argon.webspace24.de /html/tic3/help scanner.html
104.05.09 21:17 B c:\webroot\tic3-in-web\help\top.html --> x-o-mat.argon.webspace24.de /html/tic3/help top.html
104.05.09 21:17 B c:\webroot\tic3-in-web\help\news.html --> x-o-mat.argon.webspace24.de /html/tic3/help news.html
104.05.09 21:17 B c:\webroot\tic3-in-web\help\about.html --> x-o-mat.argon.webspace24.de /html/tic3/help about.html
104.05.09 21:17 B c:\webroot\tic3-in-web\help\bullet-blue.gif --> x-o-mat.argon.webspace24.de /html/tic3/help bullet-blue.gif
104.05.09 21:17 B c:\webroot\tic3-in-web\help\bullet-black.gif --> x-o-mat.argon.webspace24.de /html/tic3/help bullet-black.gif
104.05.09 21:17 B c:\webroot\tic3-in-web\help\fleet-deff.jpg --> x-o-mat.argon.webspace24.de /html/tic3/help fleet-deff.jpg
104.05.09 21:17 B c:\webroot\tic3-in-web\help\fleet.jpg --> x-o-mat.argon.webspace24.de /html/tic3/help fleet.jpg
104.05.09 21:17 B c:\webroot\tic3-in-web\help\galamembers.jpg --> x-o-mat.argon.webspace24.de /html/tic3/help galamembers.jpg
104.05.09 21:17 B c:\webroot\tic3-in-web\help\bullet2.gif --> x-o-mat.argon.webspace24.de /html/tic3/help bullet2.gif
104.05.09 22:20 B c:\webroot\tic3-in-web\help\faq.html --> x-o-mat.argon.webspace24.de /html/tic3/help faq.html
104.05.12 18:00 B c:\webroot\tic3-in-web\help\profile.html --> x-o-mat.argon.webspace24.de /html/tic3/help profile.html
104.05.12 18:00 B c:\webroot\tic3-in-web\help\menue.html --> x-o-mat.argon.webspace24.de /html/tic3/help menue.html
104.05.12 18:00 B c:\webroot\tic3-in-web\help\telefonliste.html --> x-o-mat.argon.webspace24.de /html/tic3/help telefonliste.html
104.05.12 20:23 B C:\webroot\tic-in-web\help\about.html --> x-o-mat.argon.webspace24.de /html/tic/help about.html
104.05.12 20:23 B C:\webroot\tic-in-web\help\allianz.html --> x-o-mat.argon.webspace24.de /html/tic/help allianz.html
104.05.12 20:23 B C:\webroot\tic-in-web\help\bullet-black.gif --> x-o-mat.argon.webspace24.de /html/tic/help bullet-black.gif
104.05.12 20:23 B C:\webroot\tic-in-web\help\bullet-blue.gif --> x-o-mat.argon.webspace24.de /html/tic/help bullet-blue.gif
104.05.12 20:23 B C:\webroot\tic-in-web\help\bullet2.gif --> x-o-mat.argon.webspace24.de /html/tic/help bullet2.gif
104.05.12 20:23 B C:\webroot\tic-in-web\help\faq.html --> x-o-mat.argon.webspace24.de /html/tic/help faq.html
104.05.12 20:23 B C:\webroot\tic-in-web\help\fleet-deff.jpg --> x-o-mat.argon.webspace24.de /html/tic/help fleet-deff.jpg
104.05.12 20:23 B C:\webroot\tic-in-web\help\fleet.jpg --> x-o-mat.argon.webspace24.de /html/tic/help fleet.jpg
104.05.12 20:23 B C:\webroot\tic-in-web\help\forumalle.html --> x-o-mat.argon.webspace24.de /html/tic/help forumalle.html
104.05.12 20:23 B C:\webroot\tic-in-web\help\forumintern.html --> x-o-mat.argon.webspace24.de /html/tic/help forumintern.html
104.05.12 20:23 B C:\webroot\tic-in-web\help\galamembers.jpg --> x-o-mat.argon.webspace24.de /html/tic/help galamembers.jpg
104.05.12 20:23 B C:\webroot\tic-in-web\help\help.html --> x-o-mat.argon.webspace24.de /html/tic/help help.html
104.05.12 20:23 B C:\webroot\tic-in-web\help\kontakt.html --> x-o-mat.argon.webspace24.de /html/tic/help kontakt.html
104.05.12 20:23 B C:\webroot\tic-in-web\help\menue.html --> x-o-mat.argon.webspace24.de /html/tic/help menue.html
104.05.12 20:23 B C:\webroot\tic-in-web\help\news.html --> x-o-mat.argon.webspace24.de /html/tic/help news.html
104.05.12 20:23 B C:\webroot\tic-in-web\help\profile.html --> x-o-mat.argon.webspace24.de /html/tic/help profile.html
104.05.12 20:23 B C:\webroot\tic-in-web\help\rankings.html --> x-o-mat.argon.webspace24.de /html/tic/help rankings.html
104.05.12 20:24 B C:\webroot\tic-in-web\help\scanner.html --> x-o-mat.argon.webspace24.de /html/tic/help scanner.html
104.05.12 20:24 B C:\webroot\tic-in-web\help\scans.html --> x-o-mat.argon.webspace24.de /html/tic/help scans.html
104.05.12 20:24 B C:\webroot\tic-in-web\help\taktikschirm.html --> x-o-mat.argon.webspace24.de /html/tic/help taktikschirm.html
104.05.12 20:24 B C:\webroot\tic-in-web\help\telefonliste.html --> x-o-mat.argon.webspace24.de /html/tic/help telefonliste.html
104.05.12 20:24 B C:\webroot\tic-in-web\help\top.html --> x-o-mat.argon.webspace24.de /html/tic/help top.html
104.05.12 20:24 B C:\webroot\tic-in-web\help\WS_FTP.LOG --> x-o-mat.argon.webspace24.de /html/tic/help WS_FTP.LOG
104.05.16 08:10 B C:\webroot\tic-in-web\help\menue.html --> x-o-mat.argon.webspace24.de /html/tic/help menue.html
104.05.16 08:10 B C:\webroot\tic-in-web\help\helphelp.html --> x-o-mat.argon.webspace24.de /html/tic/help helphelp.html
104.05.16 08:10 B C:\webroot\tic-in-web\help\alli-flotten.html --> x-o-mat.argon.webspace24.de /html/tic/help alli-flotten.html
104.05.23 12:52 B C:\webroot\tic-in-web\help\inc_koordinator.html --> x-o-mat.argon.webspace24.de /html/tic/help inc_koordinator.html
104.05.23 12:52 B C:\webroot\tic-in-web\help\menue.html --> x-o-mat.argon.webspace24.de /html/tic/help menue.html
104.05.23 13:40 B C:\webroot\tic-in-web\help\menue.html --> x-o-mat.argon.webspace24.de /html/tic/help menue.html
104.05.23 13:40 B C:\webroot\tic-in-web\help\inc_koordinator.html --> x-o-mat.argon.webspace24.de /html/tic/help inc_koordinator.html
104.05.23 13:40 B C:\webroot\tic-in-web\help\inc_admin.html --> x-o-mat.argon.webspace24.de /html/tic/help inc_admin.html
104.05.24 09:34 B C:\webroot\tic-in-web\help\menue.html --> x-o-mat.argon.webspace24.de /html/tic/help menue.html
104.05.27 17:37 B C:\webroot\tic-in-web\help\scans.html --> x-o-mat.argon.webspace24.de /html/tic/help scans.html
104.05.27 17:37 B C:\webroot\tic-in-web\help\taktikschirm-member.jpg --> x-o-mat.argon.webspace24.de /html/tic/help taktikschirm-member.jpg
104.05.27 17:37 B C:\webroot\tic-in-web\help\taktikschirm.jpg --> x-o-mat.argon.webspace24.de /html/tic/help taktikschirm.jpg
104.06.02 07:46 B C:\webroot\tic-in-web\help\about.html --> x-o-mat.argon.webspace24.de /html/ticex/help about.html
104.06.02 07:46 B C:\webroot\tic-in-web\help\alli-flotten.html --> x-o-mat.argon.webspace24.de /html/ticex/help alli-flotten.html
104.06.02 07:46 B C:\webroot\tic-in-web\help\allianz.html --> x-o-mat.argon.webspace24.de /html/ticex/help allianz.html
104.06.02 07:46 B C:\webroot\tic-in-web\help\bullet-black.gif --> x-o-mat.argon.webspace24.de /html/ticex/help bullet-black.gif
104.06.02 07:46 B C:\webroot\tic-in-web\help\bullet-blue.gif --> x-o-mat.argon.webspace24.de /html/ticex/help bullet-blue.gif
104.06.02 07:46 B C:\webroot\tic-in-web\help\bullet2.gif --> x-o-mat.argon.webspace24.de /html/ticex/help bullet2.gif
104.06.02 07:46 B C:\webroot\tic-in-web\help\faq.html --> x-o-mat.argon.webspace24.de /html/ticex/help faq.html
104.06.02 07:46 B C:\webroot\tic-in-web\help\fleet-deff.jpg --> x-o-mat.argon.webspace24.de /html/ticex/help fleet-deff.jpg
104.06.02 07:47 B C:\webroot\tic-in-web\help\fleet.jpg --> x-o-mat.argon.webspace24.de /html/ticex/help fleet.jpg
104.06.02 07:47 B C:\webroot\tic-in-web\help\forumalle.html --> x-o-mat.argon.webspace24.de /html/ticex/help forumalle.html
104.06.02 07:47 B C:\webroot\tic-in-web\help\forumintern.html --> x-o-mat.argon.webspace24.de /html/ticex/help forumintern.html
104.06.02 07:47 B C:\webroot\tic-in-web\help\galamembers.jpg --> x-o-mat.argon.webspace24.de /html/ticex/help galamembers.jpg
104.06.02 07:47 B C:\webroot\tic-in-web\help\help.html --> x-o-mat.argon.webspace24.de /html/ticex/help help.html
104.06.02 07:47 B C:\webroot\tic-in-web\help\helphelp.html --> x-o-mat.argon.webspace24.de /html/ticex/help helphelp.html
104.06.02 07:47 B C:\webroot\tic-in-web\help\inc_admin.html --> x-o-mat.argon.webspace24.de /html/ticex/help inc_admin.html
104.06.02 07:47 B C:\webroot\tic-in-web\help\inc_koordinator.html --> x-o-mat.argon.webspace24.de /html/ticex/help inc_koordinator.html
104.06.02 07:47 B C:\webroot\tic-in-web\help\kontakt.html --> x-o-mat.argon.webspace24.de /html/ticex/help kontakt.html
104.06.02 07:47 B C:\webroot\tic-in-web\help\menue.html --> x-o-mat.argon.webspace24.de /html/ticex/help menue.html
104.06.02 07:47 B C:\webroot\tic-in-web\help\news.html --> x-o-mat.argon.webspace24.de /html/ticex/help news.html
104.06.02 07:47 B C:\webroot\tic-in-web\help\profile.html --> x-o-mat.argon.webspace24.de /html/ticex/help profile.html
104.06.02 07:47 B C:\webroot\tic-in-web\help\rankings.html --> x-o-mat.argon.webspace24.de /html/ticex/help rankings.html
104.06.02 07:47 B C:\webroot\tic-in-web\help\scanner.html --> x-o-mat.argon.webspace24.de /html/ticex/help scanner.html
104.06.02 07:47 B C:\webroot\tic-in-web\help\scans.html --> x-o-mat.argon.webspace24.de /html/ticex/help scans.html
104.06.02 07:47 B C:\webroot\tic-in-web\help\taktikschirm-member.jpg --> x-o-mat.argon.webspace24.de /html/ticex/help taktikschirm-member.jpg
104.06.02 07:47 B C:\webroot\tic-in-web\help\taktikschirm.html --> x-o-mat.argon.webspace24.de /html/ticex/help taktikschirm.html
104.06.02 07:47 B C:\webroot\tic-in-web\help\taktikschirm.jpg --> x-o-mat.argon.webspace24.de /html/ticex/help taktikschirm.jpg
104.06.02 07:47 B C:\webroot\tic-in-web\help\telefonliste.html --> x-o-mat.argon.webspace24.de /html/ticex/help telefonliste.html
104.06.02 07:47 B C:\webroot\tic-in-web\help\top.html --> x-o-mat.argon.webspace24.de /html/ticex/help top.html
104.06.02 07:47 B C:\webroot\tic-in-web\help\WS_FTP.LOG --> x-o-mat.argon.webspace24.de /html/ticex/help WS_FTP.LOG
104.06.03 18:28 B C:\webroot\tic-in-web\help\menue.html --> x-o-mat.argon.webspace24.de /html/tic/help menue.html
104.06.03 18:28 B C:\webroot\tic-in-web\help\scananzeige.html --> x-o-mat.argon.webspace24.de /html/tic/help scananzeige.html
104.06.03 18:28 B C:\webroot\tic-in-web\help\scaneingabe.html --> x-o-mat.argon.webspace24.de /html/tic/help scaneingabe.html
104.06.03 18:28 B C:\webroot\tic-in-web\help\taktikschirm.html --> x-o-mat.argon.webspace24.de /html/tic/help taktikschirm.html
104.06.03 18:28 B C:\webroot\tic-in-web\help\target.gif --> x-o-mat.argon.webspace24.de /html/tic/help target.gif
104.06.03 18:28 B C:\webroot\tic-in-web\help\ship.gif --> x-o-mat.argon.webspace24.de /html/tic/help ship.gif
104.06.03 18:28 B C:\webroot\tic-in-web\help\scan.gif --> x-o-mat.argon.webspace24.de /html/tic/help scan.gif
104.06.03 18:28 B C:\webroot\tic-in-web\help\bullet3.gif --> x-o-mat.argon.webspace24.de /html/tic/help bullet3.gif
104.06.03 18:28 B C:\webroot\tic-in-web\help\anmeldezeiten.html --> x-o-mat.argon.webspace24.de /html/tic/help anmeldezeiten.html
104.06.03 18:28 B C:\webroot\tic-in-web\help\tic-infos.html --> x-o-mat.argon.webspace24.de /html/tic/help tic-infos.html
104.06.03 18:28 B C:\webroot\tic-in-web\help\swords.gif --> x-o-mat.argon.webspace24.de /html/tic/help swords.gif
104.06.16 19:52 B C:\webroot\tic-in-web\help\about.html --> x-o-mat.argon.webspace24.de /html/tic2/help about.html
104.06.16 19:52 B C:\webroot\tic-in-web\help\alli-flotten.html --> x-o-mat.argon.webspace24.de /html/tic2/help alli-flotten.html
104.06.16 19:52 B C:\webroot\tic-in-web\help\allianz.html --> x-o-mat.argon.webspace24.de /html/tic2/help allianz.html
104.06.16 19:52 B C:\webroot\tic-in-web\help\anmeldezeiten.html --> x-o-mat.argon.webspace24.de /html/tic2/help anmeldezeiten.html
104.06.16 19:53 B C:\webroot\tic-in-web\help\bullet-black.gif --> x-o-mat.argon.webspace24.de /html/tic2/help bullet-black.gif
104.06.16 19:53 B C:\webroot\tic-in-web\help\bullet-blue.gif --> x-o-mat.argon.webspace24.de /html/tic2/help bullet-blue.gif
104.06.16 19:53 B C:\webroot\tic-in-web\help\bullet2.gif --> x-o-mat.argon.webspace24.de /html/tic2/help bullet2.gif
104.06.16 19:53 B C:\webroot\tic-in-web\help\bullet3.gif --> x-o-mat.argon.webspace24.de /html/tic2/help bullet3.gif
104.06.16 19:53 B C:\webroot\tic-in-web\help\faq.html --> x-o-mat.argon.webspace24.de /html/tic2/help faq.html
104.06.16 19:53 B C:\webroot\tic-in-web\help\fleet-deff.jpg --> x-o-mat.argon.webspace24.de /html/tic2/help fleet-deff.jpg
104.06.16 19:53 B C:\webroot\tic-in-web\help\fleet.jpg --> x-o-mat.argon.webspace24.de /html/tic2/help fleet.jpg
104.06.16 19:53 B C:\webroot\tic-in-web\help\forumalle.html --> x-o-mat.argon.webspace24.de /html/tic2/help forumalle.html
104.06.16 19:53 B C:\webroot\tic-in-web\help\forumintern.html --> x-o-mat.argon.webspace24.de /html/tic2/help forumintern.html
104.06.16 19:53 B C:\webroot\tic-in-web\help\galamembers.jpg --> x-o-mat.argon.webspace24.de /html/tic2/help galamembers.jpg
104.06.16 19:53 B C:\webroot\tic-in-web\help\help.html --> x-o-mat.argon.webspace24.de /html/tic2/help help.html
104.06.16 19:53 B C:\webroot\tic-in-web\help\helphelp.html --> x-o-mat.argon.webspace24.de /html/tic2/help helphelp.html
104.06.16 19:53 B C:\webroot\tic-in-web\help\inc_admin.html --> x-o-mat.argon.webspace24.de /html/tic2/help inc_admin.html
104.06.16 19:53 B C:\webroot\tic-in-web\help\inc_koordinator.html --> x-o-mat.argon.webspace24.de /html/tic2/help inc_koordinator.html
104.06.16 19:53 B C:\webroot\tic-in-web\help\kontakt.html --> x-o-mat.argon.webspace24.de /html/tic2/help kontakt.html
104.06.16 19:53 B C:\webroot\tic-in-web\help\menue.html --> x-o-mat.argon.webspace24.de /html/tic2/help menue.html
104.06.16 19:53 B C:\webroot\tic-in-web\help\news.html --> x-o-mat.argon.webspace24.de /html/tic2/help news.html
104.06.16 19:53 B C:\webroot\tic-in-web\help\profile.html --> x-o-mat.argon.webspace24.de /html/tic2/help profile.html
104.06.16 19:53 B C:\webroot\tic-in-web\help\rankings.html --> x-o-mat.argon.webspace24.de /html/tic2/help rankings.html
104.06.16 19:53 B C:\webroot\tic-in-web\help\scan.gif --> x-o-mat.argon.webspace24.de /html/tic2/help scan.gif
104.06.16 19:53 B C:\webroot\tic-in-web\help\scananzeige.html --> x-o-mat.argon.webspace24.de /html/tic2/help scananzeige.html
104.06.16 19:53 B C:\webroot\tic-in-web\help\scaneingabe.html --> x-o-mat.argon.webspace24.de /html/tic2/help scaneingabe.html
104.06.16 19:53 B C:\webroot\tic-in-web\help\scanner.html --> x-o-mat.argon.webspace24.de /html/tic2/help scanner.html
104.06.16 19:53 B C:\webroot\tic-in-web\help\scans.html --> x-o-mat.argon.webspace24.de /html/tic2/help scans.html
104.06.16 19:53 B C:\webroot\tic-in-web\help\ship.gif --> x-o-mat.argon.webspace24.de /html/tic2/help ship.gif
104.06.16 19:53 B C:\webroot\tic-in-web\help\swords.gif --> x-o-mat.argon.webspace24.de /html/tic2/help swords.gif
104.06.16 19:53 B C:\webroot\tic-in-web\help\taktikschirm-member.jpg --> x-o-mat.argon.webspace24.de /html/tic2/help taktikschirm-member.jpg
104.06.16 19:53 B C:\webroot\tic-in-web\help\taktikschirm.html --> x-o-mat.argon.webspace24.de /html/tic2/help taktikschirm.html
104.06.16 19:53 B C:\webroot\tic-in-web\help\taktikschirm.jpg --> x-o-mat.argon.webspace24.de /html/tic2/help taktikschirm.jpg
104.06.16 19:53 B C:\webroot\tic-in-web\help\target.gif --> x-o-mat.argon.webspace24.de /html/tic2/help target.gif
104.06.16 19:53 B C:\webroot\tic-in-web\help\telefonliste.html --> x-o-mat.argon.webspace24.de /html/tic2/help telefonliste.html
104.06.16 19:53 B C:\webroot\tic-in-web\help\tic-infos.html --> x-o-mat.argon.webspace24.de /html/tic2/help tic-infos.html
104.06.16 19:53 B C:\webroot\tic-in-web\help\top.html --> x-o-mat.argon.webspace24.de /html/tic2/help top.html
104.06.16 19:53 B C:\webroot\tic-in-web\help\WS_FTP.LOG --> x-o-mat.argon.webspace24.de /html/tic2/help WS_FTP.LOG
104.10.25 22:21 B C:\webroot\stic\help\WS_FTP.LOG --> 81.169.134.225 /html/gn/help WS_FTP.LOG
104.10.25 22:21 B C:\webroot\stic\help\menue.html --> 81.169.134.225 /html/gn/help menue.html
104.10.25 22:21 B C:\webroot\stic\help\scananzeige.html --> 81.169.134.225 /html/gn/help scananzeige.html
104.10.25 22:21 B C:\webroot\stic\help\scaneingabe.html --> 81.169.134.225 /html/gn/help scaneingabe.html
104.10.25 22:21 B C:\webroot\stic\help\taktikschirm.html --> 81.169.134.225 /html/gn/help taktikschirm.html
104.10.25 22:21 B C:\webroot\stic\help\target.gif --> 81.169.134.225 /html/gn/help target.gif
104.10.25 22:21 B C:\webroot\stic\help\ship.gif --> 81.169.134.225 /html/gn/help ship.gif
104.10.25 22:21 B C:\webroot\stic\help\scan.gif --> 81.169.134.225 /html/gn/help scan.gif
104.10.25 22:21 B C:\webroot\stic\help\bullet3.gif --> 81.169.134.225 /html/gn/help bullet3.gif
104.10.25 22:21 B C:\webroot\stic\help\anmeldezeiten.html --> 81.169.134.225 /html/gn/help anmeldezeiten.html
104.10.25 22:21 B C:\webroot\stic\help\tic-infos.html --> 81.169.134.225 /html/gn/help tic-infos.html
104.10.25 22:21 B C:\webroot\stic\help\swords.gif --> 81.169.134.225 /html/gn/help swords.gif
104.10.25 22:21 B C:\webroot\stic\help\forumalle.html --> 81.169.134.225 /html/gn/help forumalle.html
104.10.25 22:21 B C:\webroot\stic\help\scans.html --> 81.169.134.225 /html/gn/help scans.html
104.10.25 22:21 B C:\webroot\stic\help\taktikschirm-member.jpg --> 81.169.134.225 /html/gn/help taktikschirm-member.jpg
104.10.25 22:21 B C:\webroot\stic\help\taktikschirm.jpg --> 81.169.134.225 /html/gn/help taktikschirm.jpg
104.10.25 22:21 B C:\webroot\stic\help\inc_koordinator.html --> 81.169.134.225 /html/gn/help inc_koordinator.html
104.10.25 22:21 B C:\webroot\stic\help\inc_admin.html --> 81.169.134.225 /html/gn/help inc_admin.html
104.10.25 22:21 B C:\webroot\stic\help\helphelp.html --> 81.169.134.225 /html/gn/help helphelp.html
104.10.25 22:21 B C:\webroot\stic\help\alli-flotten.html --> 81.169.134.225 /html/gn/help alli-flotten.html
104.10.25 22:21 B C:\webroot\stic\help\profile.html --> 81.169.134.225 /html/gn/help profile.html
104.10.25 22:21 B C:\webroot\stic\help\telefonliste.html --> 81.169.134.225 /html/gn/help telefonliste.html
104.10.25 22:21 B C:\webroot\stic\help\faq.html --> 81.169.134.225 /html/gn/help faq.html
104.10.25 22:21 B C:\webroot\stic\help\rankings.html --> 81.169.134.225 /html/gn/help rankings.html
104.10.25 22:21 B C:\webroot\stic\help\kontakt.html --> 81.169.134.225 /html/gn/help kontakt.html
104.10.25 22:21 B C:\webroot\stic\help\forumintern.html --> 81.169.134.225 /html/gn/help forumintern.html
104.10.25 22:21 B C:\webroot\stic\help\allianz.html --> 81.169.134.225 /html/gn/help allianz.html
104.10.25 22:21 B C:\webroot\stic\help\help.html --> 81.169.134.225 /html/gn/help help.html
104.10.25 22:21 B C:\webroot\stic\help\scanner.html --> 81.169.134.225 /html/gn/help scanner.html
104.10.25 22:21 B C:\webroot\stic\help\top.html --> 81.169.134.225 /html/gn/help top.html
104.10.25 22:21 B C:\webroot\stic\help\news.html --> 81.169.134.225 /html/gn/help news.html
104.10.25 22:21 B C:\webroot\stic\help\about.html --> 81.169.134.225 /html/gn/help about.html
104.10.25 22:21 B C:\webroot\stic\help\bullet-blue.gif --> 81.169.134.225 /html/gn/help bullet-blue.gif
104.10.25 22:21 B C:\webroot\stic\help\bullet-black.gif --> 81.169.134.225 /html/gn/help bullet-black.gif
104.10.25 22:21 B C:\webroot\stic\help\fleet-deff.jpg --> 81.169.134.225 /html/gn/help fleet-deff.jpg
104.10.25 22:21 B C:\webroot\stic\help\fleet.jpg --> 81.169.134.225 /html/gn/help fleet.jpg
104.10.25 22:21 B C:\webroot\stic\help\galamembers.jpg --> 81.169.134.225 /html/gn/help galamembers.jpg
104.10.25 22:21 B C:\webroot\stic\help\bullet2.gif --> 81.169.134.225 /html/gn/help bullet2.gif
104.10.27 19:03 B C:\webroot\stic\help\about.html --> gn.netzkram.de /html/stic/help about.html
104.10.27 19:03 B C:\webroot\stic\help\alli-flotten.html --> gn.netzkram.de /html/stic/help alli-flotten.html
104.10.27 19:03 B C:\webroot\stic\help\allianz.html --> gn.netzkram.de /html/stic/help allianz.html
104.10.27 19:03 B C:\webroot\stic\help\anmeldezeiten.html --> gn.netzkram.de /html/stic/help anmeldezeiten.html
104.10.27 19:03 B C:\webroot\stic\help\bullet-black.gif --> gn.netzkram.de /html/stic/help bullet-black.gif
104.10.27 19:03 B C:\webroot\stic\help\bullet-blue.gif --> gn.netzkram.de /html/stic/help bullet-blue.gif
104.10.27 19:03 B C:\webroot\stic\help\bullet2.gif --> gn.netzkram.de /html/stic/help bullet2.gif
104.10.27 19:03 B C:\webroot\stic\help\bullet3.gif --> gn.netzkram.de /html/stic/help bullet3.gif
104.10.27 19:03 B C:\webroot\stic\help\faq.html --> gn.netzkram.de /html/stic/help faq.html
104.10.27 19:03 B C:\webroot\stic\help\fleet-deff.jpg --> gn.netzkram.de /html/stic/help fleet-deff.jpg
104.10.27 19:03 B C:\webroot\stic\help\fleet.jpg --> gn.netzkram.de /html/stic/help fleet.jpg
104.10.27 19:03 B C:\webroot\stic\help\forumalle.html --> gn.netzkram.de /html/stic/help forumalle.html
104.10.27 19:03 B C:\webroot\stic\help\forumintern.html --> gn.netzkram.de /html/stic/help forumintern.html
104.10.27 19:03 B C:\webroot\stic\help\galamembers.jpg --> gn.netzkram.de /html/stic/help galamembers.jpg
104.10.27 19:03 B C:\webroot\stic\help\help.html --> gn.netzkram.de /html/stic/help help.html
104.10.27 19:03 B C:\webroot\stic\help\helphelp.html --> gn.netzkram.de /html/stic/help helphelp.html
104.10.27 19:03 B C:\webroot\stic\help\inc_admin.html --> gn.netzkram.de /html/stic/help inc_admin.html
104.10.27 19:03 B C:\webroot\stic\help\inc_koordinator.html --> gn.netzkram.de /html/stic/help inc_koordinator.html
104.10.27 19:03 B C:\webroot\stic\help\kontakt.html --> gn.netzkram.de /html/stic/help kontakt.html
104.10.27 19:03 B C:\webroot\stic\help\menue.html --> gn.netzkram.de /html/stic/help menue.html
104.10.27 19:03 B C:\webroot\stic\help\news.html --> gn.netzkram.de /html/stic/help news.html
104.10.27 19:03 B C:\webroot\stic\help\profile.html --> gn.netzkram.de /html/stic/help profile.html
104.10.27 19:03 B C:\webroot\stic\help\rankings.html --> gn.netzkram.de /html/stic/help rankings.html
104.10.27 19:03 B C:\webroot\stic\help\scan.gif --> gn.netzkram.de /html/stic/help scan.gif
104.10.27 19:03 B C:\webroot\stic\help\scananzeige.html --> gn.netzkram.de /html/stic/help scananzeige.html
104.10.27 19:03 B C:\webroot\stic\help\scaneingabe.html --> gn.netzkram.de /html/stic/help scaneingabe.html
104.10.27 19:03 B C:\webroot\stic\help\scanner.html --> gn.netzkram.de /html/stic/help scanner.html
104.10.27 19:03 B C:\webroot\stic\help\scans.html --> gn.netzkram.de /html/stic/help scans.html
104.10.27 19:03 B C:\webroot\stic\help\ship.gif --> gn.netzkram.de /html/stic/help ship.gif
104.10.27 19:03 B C:\webroot\stic\help\swords.gif --> gn.netzkram.de /html/stic/help swords.gif
104.10.27 19:04 B C:\webroot\stic\help\taktikschirm-member.jpg --> gn.netzkram.de /html/stic/help taktikschirm-member.jpg
104.10.27 19:04 B C:\webroot\stic\help\taktikschirm.html --> gn.netzkram.de /html/stic/help taktikschirm.html
104.10.27 19:04 B C:\webroot\stic\help\taktikschirm.jpg --> gn.netzkram.de /html/stic/help taktikschirm.jpg
104.10.27 19:04 B C:\webroot\stic\help\target.gif --> gn.netzkram.de /html/stic/help target.gif
104.10.27 19:04 B C:\webroot\stic\help\telefonliste.html --> gn.netzkram.de /html/stic/help telefonliste.html
104.10.27 19:04 B C:\webroot\stic\help\tic-infos.html --> gn.netzkram.de /html/stic/help tic-infos.html
104.10.27 19:04 B C:\webroot\stic\help\top.html --> gn.netzkram.de /html/stic/help top.html
104.10.27 19:04 B C:\webroot\stic\help\WS_FTP.LOG --> gn.netzkram.de /html/stic/help WS_FTP.LOG
